2022-03-19T15:55:39+00:00 CRITICAL syntax error, unexpected '}', expecting end of file в C:\OSPanel\domains\testwork.loc\wp-content\themes\storefront-child\content-form_add.php на строке 29

2022-03-19T16:30:28+00:00 CRITICAL Uncaught Error: Call to undefined function media_sideload_image() in C:\OSPanel\domains\testwork.loc\wp-content\themes\storefront-child\content-form_add.php:33
Stack trace:
#0 C:\OSPanel\domains\testwork.loc\wp-includes\template.php(772): require()
#1 C:\OSPanel\domains\testwork.loc\wp-includes\template.php(716): load_template('C:\\OSPanel\\doma...', false, Array)
#2 C:\OSPanel\domains\testwork.loc\wp-includes\general-template.php(204): locate_template(Array, true, false, Array)
#3 C:\OSPanel\domains\testwork.loc\wp-content\themes\storefront-child\tempate-add-product.php(14): get_template_part('content', 'form_add')
#4 C:\OSPanel\domains\testwork.loc\wp-includes\template-loader.php(106): include('C:\\OSPanel\\doma...')
#5 C:\OSPanel\domains\testwork.loc\wp-blog-header.php(19): require_once('C:\\OSPanel\\doma...')
#6 C:\OSPanel\domains\testwork.loc\index.php(17): require('C:\\OSPanel\\doma...')
#7 {main}
  thrown в C:\OSPanel\domains\testwork.loc\wp-content\themes\storefront-child\content-form_add.php на строке 33

2022-03-19T16:38:41+00:00 CRITICAL Uncaught Error: Call to undefined function media_sideload_image() in C:\OSPanel\domains\testwork.loc\wp-content\themes\storefront-child\content-form_add.php:33
Stack trace:
#0 C:\OSPanel\domains\testwork.loc\wp-includes\template.php(772): require()
#1 C:\OSPanel\domains\testwork.loc\wp-includes\template.php(716): load_template('C:\\OSPanel\\doma...', false, Array)
#2 C:\OSPanel\domains\testwork.loc\wp-includes\general-template.php(204): locate_template(Array, true, false, Array)
#3 C:\OSPanel\domains\testwork.loc\wp-content\themes\storefront-child\tempate-add-product.php(14): get_template_part('content', 'form_add')
#4 C:\OSPanel\domains\testwork.loc\wp-includes\template-loader.php(106): include('C:\\OSPanel\\doma...')
#5 C:\OSPanel\domains\testwork.loc\wp-blog-header.php(19): require_once('C:\\OSPanel\\doma...')
#6 C:\OSPanel\domains\testwork.loc\index.php(17): require('C:\\OSPanel\\doma...')
#7 {main}
  thrown в C:\OSPanel\domains\testwork.loc\wp-content\themes\storefront-child\content-form_add.php на строке 33

2022-03-19T16:40:34+00:00 CRITICAL Object of class WP_Error could not be converted to string в C:\OSPanel\domains\testwork.loc\wp-content\themes\storefront-child\functions.php на строке 24

2022-03-19T16:41:22+00:00 CRITICAL Object of class WP_Error could not be converted to string в C:\OSPanel\domains\testwork.loc\wp-content\themes\storefront-child\functions.php на строке 25

2022-03-19T16:47:06+00:00 CRITICAL Object of class WP_Error could not be converted to string в C:\OSPanel\domains\testwork.loc\wp-content\themes\storefront-child\functions.php на строке 25

2022-03-19T16:52:02+00:00 CRITICAL Object of class WP_Error could not be converted to string в C:\OSPanel\domains\testwork.loc\wp-content\themes\storefront-child\functions.php на строке 25

2022-03-19T17:04:01+00:00 CRITICAL Object of class WP_Error could not be converted to string в C:\OSPanel\domains\testwork.loc\wp-content\themes\storefront-child\functions.php на строке 25

2022-03-19T17:07:21+00:00 CRITICAL Object of class WP_Error could not be converted to string в C:\OSPanel\domains\testwork.loc\wp-content\themes\storefront-child\functions.php на строке 25

2022-03-19T17:14:11+00:00 CRITICAL Object of class WP_Error could not be converted to string в C:\OSPanel\domains\testwork.loc\wp-content\themes\storefront-child\functions.php на строке 25

